1631791779829:login --username user --password pass
1631869779924:channel
1631870110102:login --username user --password pass
1631870112865:channel
1631870596784:login --username user --password pass
1631870601701:channel
1631870725775:login --username user --password pass
1631870727949:channel
1631870848865:login --username user --password pass
1631870851588:channel
1631871008018:login --username user --password pass
1632119393331:channel
1632120662904:login --username user --password pass
1632120665484:channel
1632120821635:login --username user --password pass
1632120874601:channel
1632380550663:login --username user --password pass
1632395191253:login
1632395197015:login --username user
1632395206543:login --username user --password pass
1632395303779:login
1632395559119:channel
1632395608453:login
1632397345921:channel
1632397759383:login
1632397765148:channel
1632397989694:login
1632467317247:logout
1632467332306:login
1632475170222:channel
1632725722479:login
1632726500878:channel
1632727014895:login
1632727519052:channel
1632727677095:login
1632727680523:channel
1632994518778:login
1632995419088:loign
1632995424532:login
