1631627481261:login --username user --password pass
1631627489422:channel
1631627688147:login --username user --password pass
1631627693782:channel
1631628438224:login --username user --password pass
1631628443782:channel
1631628590079:login --username user --password pass
1631628592922:channel
1631628633822:login --username user --password pass
1631628635893:channel
1631791312653:login --username
1631791321953:login --username user
1631791348032:login
1631791358391:login --username user
1631791392975:login --username user --password pass
1631791407366:login --username user
1631791506613:login --username user --password pass
1631791689631:login
1631791699998:login --username user
1631791712704:login --username user --password pass
1631791794660:channel
1631791888600:login --username user --password pass
1631791914051:channel
1631848482340:login --username user --password pass
1631849150690:channel
1631849425642:login --username user --password pass
1631849428151:channel
1631849852002:login --username user --password pass
1631849855923:channel
1631850120159:login --username user --password pass
1631850126099:channel
1631850183074:login --username user --password
1631850197550:login --username user --password pass
1631850200709:channel
1631850242730:login --username user --password pas
1631850248788:channel
1631850430605:login --username user --password pass
1631850434650:channel
1631864982162:login --username user --password pass
1631864984967:channel
1631865030863:login --username user --password pass
1631865034454:channel
1631868099151:login --username user --password pass
1631868103732:channel
1631868338085:login --username user --password pass
1631868346722:channel
1631868723853:login --username user --password pass
1631868727927:channel
1631869760947:login --username user --password pass
1631871022699:channel
1632117460730:login --username user --password pass
1632117464545:channel
1632117698328:login --username user --password pass
1632117700898:channel
1632117858014:login --username user --password pass
1632117862747:channel
1632117981718:login --username user --password pass
1632117984709:channel
1632118313633:login --username user --password pass
1632118321059:channel
1632119388670:login --username user --password pass
1632119439172:channel
1632120648751:login --username user --password pass
1632120826492:channel
1632120868033:login --username user --password pass
1632120870321:channel
1632397289200:login
1632397301182:login --username user --password pass
1632397944463:login
1632397995267:channel
1632398081848:login
1632398086842:channel
1632725834059:login
1632727693844:channel
